<?xml version="1.0" encoding="UTF-8"?>
<!-- Generated by org.testng.reporters.JUnitReportReporter -->
<testsuite hostname="LAPTOP-C6BNCV2K" failures="0" tests="1" name="com.actitime.testscript.CustomerModule" time="14.627" errors="0" timestamp="2023-05-30T21:33:04 IST" skipped="0">
  <testcase classname="com.actitime.testscript.CustomerModule" name="testcreateCustomer" time="14.627"/>
  <system-out>
    <![CDATA[create customer]]>
  </system-out>
</testsuite> <!-- com.actitime.testscript.CustomerModule -->
