<?xml version="1.0" encoding="UTF-8"?>
<!-- Generated by org.testng.reporters.JUnitReportReporter -->
<testsuite hostname="LAPTOP-C6BNCV2K" failures="0" tests="1" name="com.actitime.generic.FileLib" time="0.013" errors="0" timestamp="2023-05-23T18:16:30 IST" skipped="0">
  <testcase classname="com.actitime.generic.FileLib" name="getproprtydata" time="0.013"/>
  <system-out/>
</testsuite> <!-- com.actitime.generic.FileLib -->
